SF:lib/features/bluetooth/data/models/bluetooth_device_model.dart
DA:4,16
DA:12,0
DA:13,0
DA:14,0
DA:15,0
DA:16,0
DA:17,0
LF:7
LH:1
end_of_record
SF:lib/features/home/domain/use_cases/fetch_devices.dart
DA:7,1
DA:11,1
DA:12,2
LF:3
LH:3
end_of_record
SF:lib/product/data_objects/models/vape_data_model.dart
DA:6,15
DA:14,0
DA:15,0
DA:16,0
DA:17,0
DA:18,0
DA:19,0
DA:20,0
DA:21,0
DA:22,0
DA:27,1
DA:40,0
DA:42,0
DA:43,0
DA:44,0
DA:45,0
DA:46,0
DA:47,0
DA:48,0
DA:52,0
DA:54,0
LF:21
LH:2
end_of_record
SF:lib/features/auth/domain/repos/auth_repo.dart
DA:4,0
LF:1
LH:0
end_of_record
SF:lib/core/error/failures/failure.dart
DA:4,5
DA:14,4
DA:15,16
LF:3
LH:3
end_of_record
SF:lib/core/managers/network/interface/i_network_model.dart
DA:2,1
LF:1
LH:1
end_of_record
SF:lib/core/use_cases/use_cases.dart
DA:4,1
DA:10,4
DA:16,0
LF:3
LH:2
end_of_record
SF:lib/product/data_objects/entities/vape_data.dart
DA:4,15
LF:1
LH:1
end_of_record
SF:lib/core/error/exceptions/api_exception.dart
DA:4,4
DA:12,0
DA:13,0
LF:3
LH:1
end_of_record
SF:lib/core/error/failures/api_failure.dart
DA:5,5
DA:10,4
DA:11,4
DA:12,4
DA:13,4
LF:5
LH:5
end_of_record
SF:lib/features/home/data/repo/home_repo_impl.dart
DA:11,1
DA:16,1
DA:19,2
DA:21,1
DA:22,1
DA:23,2
LF:6
LH:6
end_of_record
SF:lib/features/onboard/domain/use_cases/save_vape_data.dart
DA:7,1
DA:11,1
DA:12,2
LF:3
LH:3
end_of_record
SF:lib/features/onboard/data/repo/onboard_repo_impl.dart
DA:11,1
DA:15,1
DA:18,2
DA:19,1
DA:20,1
DA:21,2
LF:6
LH:6
end_of_record
SF:lib/features/rating/data/models/rating_model.dart
DA:10,1
DA:17,0
DA:18,0
DA:25,0
DA:26,0
DA:28,0
DA:29,0
DA:31,0
DA:32,0
DA:34,0
DA:40,0
DA:41,0
DA:42,0
DA:43,0
DA:44,0
LF:15
LH:1
end_of_record
SF:lib/features/rating/data/models/rating_model.g.dart
DA:9,0
DA:10,0
DA:11,0
DA:12,0
DA:13,0
DA:16,0
DA:17,0
DA:18,0
DA:19,0
DA:20,0
DA:21,0
LF:11
LH:0
end_of_record
SF:lib/features/rating/data/repo/rating_repo_impl.dart
DA:12,1
DA:18,1
DA:23,2
DA:24,1
DA:25,1
DA:26,2
DA:30,1
DA:35,2
DA:36,1
DA:37,1
DA:38,2
DA:42,1
DA:47,2
DA:48,1
DA:49,1
DA:50,2
LF:16
LH:16
end_of_record
SF:lib/product/data_objects/params/pagination_params.dart
DA:2,1
LF:1
LH:1
end_of_record
SF:lib/features/bluetooth/domain/use_cases/get_bluetooth_devices.dart
DA:9,1
DA:12,1
DA:14,2
LF:3
LH:3
end_of_record
SF:lib/core/usecase/usecase.dart
DA:4,2
DA:10,1
LF:2
LH:2
end_of_record
SF:lib/features/bluetooth/domain/use_cases/disconnect_bluetooth_device.dart
DA:9,1
DA:13,1
DA:15,2
LF:3
LH:3
end_of_record
SF:lib/features/bluetooth/domain/use_cases/connect_bluetooth_device.dart
DA:10,1
DA:14,1
DA:16,2
LF:3
LH:3
end_of_record
SF:lib/features/auth/domain/use_cases/check_is_authenticated.dart
DA:6,1
DA:10,1
DA:11,2
LF:3
LH:3
end_of_record
SF:lib/features/auth/domain/use_cases/sign_out.dart
DA:6,1
DA:10,1
DA:11,2
LF:3
LH:3
end_of_record
SF:lib/features/auth/domain/use_cases/anonymous_sign_in.dart
DA:6,1
DA:10,1
DA:11,2
LF:3
LH:3
end_of_record
SF:lib/features/auth/data/data_sources/auth_remote_data_source.dart
DA:4,0
LF:1
LH:0
end_of_record
SF:lib/features/auth/data/repos/auth_repo_impl.dart
DA:10,1
DA:15,1
DA:18,2
DA:19,1
DA:20,1
DA:21,2
DA:25,1
DA:28,2
DA:33,2
DA:34,1
DA:35,1
DA:36,2
DA:37,0
DA:38,0
DA:42,1
DA:45,2
DA:46,1
DA:47,1
DA:48,2
DA:49,0
DA:50,0
LF:21
LH:17
end_of_record
